Unity Editor version:    2020.3.27f1 (e759542391ea)
Branch:                  2020.3/release
Build type:              Release
Batch mode:              YES
macOS version:           Version 12.3.1 (Build 21E258)
Darwin version:          21.4.0
Architecture:            x86_64
Running under Rosetta:   NO
Available memory:        16384 MB
Using pre-set license
Pro License: NO

COMMAND LINE ARGUMENTS:
/Applications/Unity/Unity.app/Contents/MacOS/Unity
-adb2
-batchMode
-noUpm
-name
AssetImportWorker0
-projectPath
/Users/nathanbertram/Library/Mobile Documents/com~apple~CloudDocs/UNR/Spring 2022/CS 484 - Virtual Reality/Apps/VR Museum/VR-Team13
-logFile
Logs/AssetImportWorker0.log
-srvPort
49387
Successfully changed project path to: /Users/nathanbertram/Library/Mobile Documents/com~apple~CloudDocs/UNR/Spring 2022/CS 484 - Virtual Reality/Apps/VR Museum/VR-Team13
/Users/nathanbertram/Library/Mobile Documents/com~apple~CloudDocs/UNR/Spring 2022/CS 484 - Virtual Reality/Apps/VR Museum/VR-Team13
Using Asset Import Pipeline V2.
Refreshing native plugins compatible for Editor in 70.48 ms, found 3 plugins.
Preloading 1 native plugins for Editor in 6.99 ms.
Initialize engine version: 2020.3.27f1 (e759542391ea)
[Subsystems] Discovering subsystems at path /Applications/Unity/Unity.app/Contents/Resources/UnitySubsystems
[Subsystems] Discovering subsystems at path /Users/nathanbertram/Library/Mobile Documents/com~apple~CloudDocs/UNR/Spring 2022/CS 484 - Virtual Reality/Apps/VR Museum/VR-Team13/Assets
GfxDevice: creating device client; threaded=0
2022-04-28 15:04:27.015 Unity[56807:2010392] Color LCD preferred device: AMD Radeon R9 M370X (high power)
2022-04-28 15:04:27.015 Unity[56807:2010392] Metal devices available: 2
2022-04-28 15:04:27.015 Unity[56807:2010392] 0: AMD Radeon R9 M370X (high power)
2022-04-28 15:04:27.015 Unity[56807:2010392] 1: Intel Iris Pro Graphics (low power)
2022-04-28 15:04:27.017 Unity[56807:2010392] Using device AMD Radeon R9 M370X (high power)
Initializing Metal device caps: AMD Radeon R9 M370X
Initialize mono
Mono path[0] = '/Applications/Unity/Unity.app/Contents/Managed'
Mono path[1] = '/Applications/Unity/Unity.app/Contents/MonoBleedingEdge/lib/mono/unityjit'
Mono config path = '/Applications/Unity/Unity.app/Contents/MonoBleedingEdge/etc'
Using monoOptions --debugger-agent=transport=dt_socket,embedding=1,server=y,suspend=n,address=127.0.0.1:56807
Begin MonoManager ReloadAssembly
Registering precompiled unity dll's ...
Register platform support module: /Applications/Unity/Unity.app/Contents/PlaybackEngines/MacStandaloneSupport/UnityEditor.OSXStandalone.Extensions.dll
Registered in 0.001319 seconds.
Native extension for OSXStandalone target not found
Refreshing native plugins compatible for Editor in 54.12 ms, found 3 plugins.
Preloading 1 native plugins for Editor in 0.31 ms.
Mono: successfully reloaded assembly
- Completed reload, in  0.803 seconds
Domain Reload Profiling:
	ReloadAssembly (803ms)
		BeginReloadAssembly (82ms)
			ExecutionOrderSort (0ms)
			DisableScriptedObjects (0ms)
			BackupInstance (0ms)
			ReleaseScriptingObjects (0ms)
			CreateAndSetChildDomain (1ms)
		EndReloadAssembly (630ms)
			LoadAssemblies (83ms)
			RebuildTransferFunctionScriptingTraits (0ms)
			SetupTypeCache (225ms)
			ReleaseScriptCaches (0ms)
			RebuildScriptCaches (43ms)
			SetupLoadedEditorAssemblies (257ms)
				LogAssemblyErrors (0ms)
				InitializePlatformSupportModulesInManaged (5ms)
				SetLoadedEditorAssemblies (0ms)
				RefreshPlugins (54ms)
				BeforeProcessingInitializeOnLoad (35ms)
				ProcessInitializeOnLoadAttributes (126ms)
				ProcessInitializeOnLoadMethodAttributes (36ms)
				AfterProcessingInitializeOnLoad (0ms)
				EditorAssembliesLoaded (0ms)
			ExecutionOrderSort2 (0ms)
			AwakeInstancesAfterBackupRestoration (0ms)
Platform modules already initialized, skipping
Registering precompiled user dll's ...
Registered in 0.008026 seconds.
Begin MonoManager ReloadAssembly
Native extension for OSXStandalone target not found
Refreshing native plugins compatible for Editor in 47.50 ms, found 3 plugins.
Preloading 1 native plugins for Editor in 0.34 ms.
Mono: successfully reloaded assembly
- Completed reload, in  1.413 seconds
Domain Reload Profiling:
	ReloadAssembly (1415ms)
		BeginReloadAssembly (174ms)
			ExecutionOrderSort (0ms)
			DisableScriptedObjects (6ms)
			BackupInstance (0ms)
			ReleaseScriptingObjects (0ms)
			CreateAndSetChildDomain (33ms)
		EndReloadAssembly (1175ms)
			LoadAssemblies (122ms)
			RebuildTransferFunctionScriptingTraits (0ms)
			SetupTypeCache (404ms)
			ReleaseScriptCaches (1ms)
			RebuildScriptCaches (64ms)
			SetupLoadedEditorAssemblies (438ms)
				LogAssemblyErrors (0ms)
				InitializePlatformSupportModulesInManaged (3ms)
				SetLoadedEditorAssemblies (0ms)
				RefreshPlugins (48ms)
				BeforeProcessingInitializeOnLoad (81ms)
				ProcessInitializeOnLoadAttributes (292ms)
				ProcessInitializeOnLoadMethodAttributes (12ms)
				AfterProcessingInitializeOnLoad (1ms)
				EditorAssembliesLoaded (0ms)
			ExecutionOrderSort2 (0ms)
			AwakeInstancesAfterBackupRestoration (7ms)
Platform modules already initialized, skipping
Validating Project structure ... 0.007875 seconds.
Shader import version has changed; will reimport all shaders...
Upgrading shader files ...0.027774 seconds.
Application.AssetDatabase Initial Script Refresh Start
RefreshInfo: InitialScriptRefreshV2(NoUpdateAssetOptions) scanfilter:  ... 1 filters
RefreshProfiler: Total: 0.000ms
Application.AssetDatabase Initial Script Refresh End
Application.AssetDatabase.Refresh Start
Application.AssetDatabase.Refresh End
RefreshInfo: StopAssetImportingV2(ForceSynchronousImport) scanfilter: 
RefreshProfiler: Total: 0.000ms
Launching external process: /Applications/Unity/Unity.app/Contents/Tools/UnityShaderCompiler
Launched and connected shader compiler UnityShaderCompiler after 0.02 seconds
Initializing Unity extensions:
2022-04-28 15:04:30.952 Unity[56807:2010392] NSEventModifierFlagFunction specified to -setKeyEquivalentModifierMask: for item <NSMenuItem: 0x600003f0aae0 Font Asset, ke='Command-F12'>, but is only supported for system-provided menu items; will not be used
2022-04-28 15:04:30.956 Unity[56807:2010392] NSEventModifierFlagFunction specified to -setKeyEquivalentModifierMask: for item <NSMenuItem: 0x600003f65dc0 Font Asset, ke='Command-F12'>, but is only supported for system-provided menu items; will not be used
========================================================================
Worker process is ready to serve import requests
Refreshing native plugins compatible for Editor in 0.63 ms, found 3 plugins.
Preloading 1 native plugins for Editor in 0.33 ms.
Unloading 2302 Unused Serialized files (Serialized files now loaded: 0)
System memory in use before: 216.2 MB.
System memory in use after: 215.5 MB.

Unloading 169 unused Assets to reduce memory usage. Loaded Objects now: 2771.
Total: 4.886184 ms (FindLiveObjects: 0.369653 ms CreateObjectMapping: 0.268486 ms MarkObjects: 3.578230 ms  DeleteObjects: 0.668709 ms)

AssetImportParameters requested are different than current active one (requested -> active):
  custom:video-decoder-ogg-theora: a1e56fd34408186e4bbccfd4996cb3dc -> 
  custom:container-muxer-webm: aa71ff27fc2769a1b78a27578f13a17b -> 
  custom:container-demuxer-webm: 4f35f7cbe854078d1ac9338744f61a02 -> 
  custom:container-demuxer-ogg: 62fdf1f143b41e24485cea50d1cbac27 -> 
  custom:video-encoder-webm-vp8: eb34c28f22e8b96e1ab97ce403110664 -> 
  custom:framework-osx-AVFoundation: e770b220cccbd017edd2c1fefb359320 -> 
  custom:video-decoder-webm-vp8: 9c59270c3fd7afecdb556c50c9e8de78 -> 
  custom:audio-decoder-ogg-vorbis: bf7c407c2cedff20999df2af8eb42d56 -> 
  custom:audio-encoder-webm-vorbis: bf7c407c2cedff20999df2af8eb42d56 -> 
========================================================================
Received Import Request.
  path: Assets/pietat-museu-frederic-mares/textures
  artifactKey: Guid(318efe8623274dc429473e6f24e50d1f) Importer(815301076,1909f56bfc062723c751e8b465ee728b)
Start importing Assets/pietat-museu-frederic-mares/textures using Guid(318efe8623274dc429473e6f24e50d1f) Importer(815301076,1909f56bfc062723c751e8b465ee728b)  -> (artifact id: 'fd76a6a76eae3610520c70ed749829fc') in 0.005670 seconds 
  Import took 0.009705 seconds .

========================================================================
Received Import Request.
  Time since last request: 0.000221 seconds.
  path: Assets/pietat-museu-frederic-mares/textures/internal_ground_ao_texture.jpeg
  artifactKey: Guid(bc1bfbc529d874c4f98013bc7ff4a1de) Importer(815301076,1909f56bfc062723c751e8b465ee728b)
Start importing Assets/pietat-museu-frederic-mares/textures/internal_ground_ao_texture.jpeg using Guid(bc1bfbc529d874c4f98013bc7ff4a1de) Importer(815301076,1909f56bfc062723c751e8b465ee728b)  -> (artifact id: '2ff94344dc1e7166a8e96472d75b2ab4') in 0.812183 seconds 
  Import took 0.820916 seconds .

========================================================================
Received Import Request.
  Time since last request: 0.000276 seconds.
  path: Assets/pietat-museu-frederic-mares/textures/MFM1383_350M_ao_map.jpeg
  artifactKey: Guid(b53a335a45ff7c84dab0ffd3e533d25d) Importer(815301076,1909f56bfc062723c751e8b465ee728b)
Start importing Assets/pietat-museu-frederic-mares/textures/MFM1383_350M_ao_map.jpeg using Guid(b53a335a45ff7c84dab0ffd3e533d25d) Importer(815301076,1909f56bfc062723c751e8b465ee728b)  -> (artifact id: '9fe3b183501a9b356d792c14a31b04be') in 0.015851 seconds 
  Import took 0.018938 seconds .

========================================================================
Received Import Request.
  Time since last request: 0.000207 seconds.
  path: Assets/pietat-museu-frederic-mares/textures/MFM1383_350M_u1_v1_corregit.jpeg
  artifactKey: Guid(c77093fac4a7dee4aa080cd4d875faa7) Importer(815301076,1909f56bfc062723c751e8b465ee728b)
Start importing Assets/pietat-museu-frederic-mares/textures/MFM1383_350M_u1_v1_corregit.jpeg using Guid(c77093fac4a7dee4aa080cd4d875faa7) Importer(815301076,1909f56bfc062723c751e8b465ee728b)  -> (artifact id: '35eb9c9bef06ca7d944ffabf51464b47') in 0.026146 seconds 
  Import took 0.029943 seconds .

========================================================================
Received Import Request.
  Time since last request: 205.769479 seconds.
  path: Assets/pietat-museu-frederic-mares/textures/Pieta Color.mat
  artifactKey: Guid(9b8d84c249b9f4725a19fbb83f6b6eb5) Importer(815301076,1909f56bfc062723c751e8b465ee728b)
Start importing Assets/pietat-museu-frederic-mares/textures/Pieta Color.mat using Guid(9b8d84c249b9f4725a19fbb83f6b6eb5) Importer(815301076,1909f56bfc062723c751e8b465ee728b)  -> (artifact id: '76a7d8fe0f61ff8756ecde1481b46487') in 0.349308 seconds 
  Import took 0.358286 seconds .

========================================================================
Received Prepare
Registering precompiled user dll's ...
Registered in 0.013766 seconds.
Begin MonoManager ReloadAssembly
Native extension for OSXStandalone target not found
Refreshing native plugins compatible for Editor in 1.69 ms, found 3 plugins.
Preloading 1 native plugins for Editor in 0.45 ms.
2022-04-28 15:30:25.048 Unity[56807:2010392] NSEventModifierFlagFunction specified to -setKeyEquivalentModifierMask: for item <NSMenuItem: 0x600003f28c40 Font Asset, ke='Command-F12'>, but is only supported for system-provided menu items; will not be used
Mono: successfully reloaded assembly
- Completed reload, in  2.561 seconds
Domain Reload Profiling:
	ReloadAssembly (2561ms)
		BeginReloadAssembly (341ms)
			ExecutionOrderSort (0ms)
			DisableScriptedObjects (10ms)
			BackupInstance (0ms)
			ReleaseScriptingObjects (0ms)
			CreateAndSetChildDomain (144ms)
		EndReloadAssembly (2068ms)
			LoadAssemblies (262ms)
			RebuildTransferFunctionScriptingTraits (0ms)
			SetupTypeCache (757ms)
			ReleaseScriptCaches (1ms)
			RebuildScriptCaches (94ms)
			SetupLoadedEditorAssemblies (762ms)
				LogAssemblyErrors (0ms)
				InitializePlatformSupportModulesInManaged (6ms)
				SetLoadedEditorAssemblies (1ms)
				RefreshPlugins (2ms)
				BeforeProcessingInitializeOnLoad (283ms)
				ProcessInitializeOnLoadAttributes (452ms)
				ProcessInitializeOnLoadMethodAttributes (16ms)
				AfterProcessingInitializeOnLoad (2ms)
				EditorAssembliesLoaded (0ms)
			ExecutionOrderSort2 (0ms)
			AwakeInstancesAfterBackupRestoration (11ms)
Platform modules already initialized, skipping
Switching build target platform(2) subTarget(0) extendedPlatform(0) -> platform(13) subTarget(537395206) extendedPlatform(0)
Refreshing native plugins compatible for Editor in 0.86 ms, found 3 plugins.
Preloading 1 native plugins for Editor in 0.41 ms.
Unloading 2271 Unused Serialized files (Serialized files now loaded: 0)
System memory in use before: 220.6 MB.
System memory in use after: 220.8 MB.

Unloading 22 unused Assets to reduce memory usage. Loaded Objects now: 2816.
Total: 3.900917 ms (FindLiveObjects: 0.203744 ms CreateObjectMapping: 0.107393 ms MarkObjects: 3.567479 ms  DeleteObjects: 0.021008 ms)

AssetImportParameters requested are different than current active one (requested -> active):
  custom:video-decoder-ogg-theora: a1e56fd34408186e4bbccfd4996cb3dc -> 
  custom:container-muxer-webm: aa71ff27fc2769a1b78a27578f13a17b -> 
  custom:container-demuxer-webm: 4f35f7cbe854078d1ac9338744f61a02 -> 
  custom:container-demuxer-ogg: 62fdf1f143b41e24485cea50d1cbac27 -> 
  custom:video-encoder-webm-vp8: eb34c28f22e8b96e1ab97ce403110664 -> 
  custom:framework-osx-AVFoundation: e770b220cccbd017edd2c1fefb359320 -> 
  custom:video-decoder-webm-vp8: 9c59270c3fd7afecdb556c50c9e8de78 -> 
  custom:graphics/normal-map-encoding: 01000000000000000000000000000000 -> 02000000000000000000000000000000
  custom:audio-decoder-ogg-vorbis: bf7c407c2cedff20999df2af8eb42d56 -> 
  custom:audio-encoder-webm-vorbis: bf7c407c2cedff20999df2af8eb42d56 -> 
========================================================================
Received Prepare
Refreshing native plugins compatible for Editor in 3.92 ms, found 3 plugins.
Preloading 1 native plugins for Editor in 0.42 ms.
Unloading 18 Unused Serialized files (Serialized files now loaded: 0)
System memory in use before: 175.0 MB.
System memory in use after: 175.2 MB.

Unloading 18 unused Assets to reduce memory usage. Loaded Objects now: 2816.
Total: 4.785973 ms (FindLiveObjects: 0.261707 ms CreateObjectMapping: 0.166085 ms MarkObjects: 4.336773 ms  DeleteObjects: 0.020249 ms)

AssetImportParameters requested are different than current active one (requested -> active):
  custom:video-decoder-ogg-theora: a1e56fd34408186e4bbccfd4996cb3dc -> 
  custom:container-muxer-webm: aa71ff27fc2769a1b78a27578f13a17b -> 
  custom:container-demuxer-webm: 4f35f7cbe854078d1ac9338744f61a02 -> 
  custom:container-demuxer-ogg: 62fdf1f143b41e24485cea50d1cbac27 -> 
  custom:video-encoder-webm-vp8: eb34c28f22e8b96e1ab97ce403110664 -> 
  custom:framework-osx-AVFoundation: e770b220cccbd017edd2c1fefb359320 -> 
  custom:video-decoder-webm-vp8: 9c59270c3fd7afecdb556c50c9e8de78 -> 
  custom:audio-decoder-ogg-vorbis: bf7c407c2cedff20999df2af8eb42d56 -> 
  custom:audio-encoder-webm-vorbis: bf7c407c2cedff20999df2af8eb42d56 -> 
========================================================================
Received Import Request.
  Time since last request: 1349.687749 seconds.
  path: Assets/pietat-museu-frederic-mares/textures/internal_ground_ao_texture.jpeg
  artifactKey: Guid(bc1bfbc529d874c4f98013bc7ff4a1de) Importer(815301076,1909f56bfc062723c751e8b465ee728b)
Start importing Assets/pietat-museu-frederic-mares/textures/internal_ground_ao_texture.jpeg using Guid(bc1bfbc529d874c4f98013bc7ff4a1de) Importer(815301076,1909f56bfc062723c751e8b465ee728b) WARNING: RGBA Compressed ASTC6X6 UNorm format is not supported, decompressing texture
 -> (artifact id: '460ce1d436193e5f5f1fb7a2560a5236') in 0.065595 seconds 
  Import took 0.070383 seconds .

========================================================================
Received Import Request.
  Time since last request: 0.000355 seconds.
  path: Assets/pietat-museu-frederic-mares/textures/MFM1383_350M_ao_map.jpeg
  artifactKey: Guid(b53a335a45ff7c84dab0ffd3e533d25d) Importer(815301076,1909f56bfc062723c751e8b465ee728b)
Start importing Assets/pietat-museu-frederic-mares/textures/MFM1383_350M_ao_map.jpeg using Guid(b53a335a45ff7c84dab0ffd3e533d25d) Importer(815301076,1909f56bfc062723c751e8b465ee728b) WARNING: RGBA Compressed ASTC6X6 UNorm format is not supported, decompressing texture
 -> (artifact id: 'fd13623bd15bc5dc747daeb7b33252bc') in 0.075247 seconds 
  Import took 0.079754 seconds .

========================================================================
Received Import Request.
  Time since last request: 0.000258 seconds.
  path: Assets/pietat-museu-frederic-mares/textures/MFM1383_350M_u1_v1_corregit.jpeg
  artifactKey: Guid(c77093fac4a7dee4aa080cd4d875faa7) Importer(815301076,1909f56bfc062723c751e8b465ee728b)
Start importing Assets/pietat-museu-frederic-mares/textures/MFM1383_350M_u1_v1_corregit.jpeg using Guid(c77093fac4a7dee4aa080cd4d875faa7) Importer(815301076,1909f56bfc062723c751e8b465ee728b) WARNING: RGBA Compressed ASTC6X6 UNorm format is not supported, decompressing texture
 -> (artifact id: '5ef4026963c691170f61f0b104cea3c0') in 0.076010 seconds 
  Import took 0.080439 seconds .

========================================================================
Received Import Request.
  Time since last request: 3163.628834 seconds.
  path: Assets/pietat-museu-frederic-mares/source
  artifactKey: Guid(61124f2fe885a8a48ad7bbcea944e91c) Importer(815301076,1909f56bfc062723c751e8b465ee728b)
Start importing Assets/pietat-museu-frederic-mares/source using Guid(61124f2fe885a8a48ad7bbcea944e91c) Importer(815301076,1909f56bfc062723c751e8b465ee728b)  -> (artifact id: 'c17e7767dfc084370a748c5c062941b0') in 0.018708 seconds 
  Import took 0.314009 seconds .

========================================================================
Received Import Request.
  Time since last request: 0.952326 seconds.
  path: Assets/pietat-museu-frederic-mares/source/MFM1383_350M
  artifactKey: Guid(db55599d67663d24db8a539770a4846b) Importer(815301076,1909f56bfc062723c751e8b465ee728b)
Start importing Assets/pietat-museu-frederic-mares/source/MFM1383_350M using Guid(db55599d67663d24db8a539770a4846b) Importer(815301076,1909f56bfc062723c751e8b465ee728b)  -> (artifact id: '9c3237829b9cd34bd306120abca53912') in 0.001347 seconds 
  Import took 0.005101 seconds .

========================================================================
Received Import Request.
  Time since last request: 0.119160 seconds.
  path: Assets/pietat-museu-frederic-mares/source/MFM1383_350M/MFM1383_350M_ao_map.jpg
  artifactKey: Guid(8f357b83e014a7d47a8ad5f96a2d454e) Importer(815301076,1909f56bfc062723c751e8b465ee728b)
Start importing Assets/pietat-museu-frederic-mares/source/MFM1383_350M/MFM1383_350M_ao_map.jpg using Guid(8f357b83e014a7d47a8ad5f96a2d454e) Importer(815301076,1909f56bfc062723c751e8b465ee728b) WARNING: RGBA Compressed ASTC6X6 UNorm format is not supported, decompressing texture
 -> (artifact id: '54178e3c66c608a551743e6ec2d06cf2') in 1.126943 seconds 
  Import took 1.136345 seconds .

========================================================================
Received Import Request.
  Time since last request: 0.000329 seconds.
  path: Assets/pietat-museu-frederic-mares/source/MFM1383_350M/MFM1383_350M_corregit.obj
  artifactKey: Guid(fe32dda290c40ca4986687c52bbba197) Importer(815301076,1909f56bfc062723c751e8b465ee728b)
Start importing Assets/pietat-museu-frederic-mares/source/MFM1383_350M/MFM1383_350M_corregit.obj using Guid(fe32dda290c40ca4986687c52bbba197) Importer(815301076,1909f56bfc062723c751e8b465ee728b)  -> (artifact id: '202a7f11c9f705b8a8644c15c12151bd') in 1.482075 seconds 
  Import took 1.491373 seconds .

========================================================================
Received Import Request.
  Time since last request: 0.000320 seconds.
  path: Assets/pietat-museu-frederic-mares/source/MFM1383_350M/MFM1383_350M_u1_v1_corregit.jpeg
  artifactKey: Guid(ed45a56dcf11f2a4180047f3ff032aab) Importer(815301076,1909f56bfc062723c751e8b465ee728b)
Start importing Assets/pietat-museu-frederic-mares/source/MFM1383_350M/MFM1383_350M_u1_v1_corregit.jpeg using Guid(ed45a56dcf11f2a4180047f3ff032aab) Importer(815301076,1909f56bfc062723c751e8b465ee728b) WARNING: RGBA Compressed ASTC6X6 UNorm format is not supported, decompressing texture
 -> (artifact id: 'd13d8141b6cfa0cdbff6426568fb3d46') in 0.079334 seconds 
  Import took 0.082906 seconds .

========================================================================
Received Prepare
Registering precompiled user dll's ...
Registered in 0.011069 seconds.
Begin MonoManager ReloadAssembly
Native extension for OSXStandalone target not found
Refreshing native plugins compatible for Editor in 0.65 ms, found 3 plugins.
Preloading 1 native plugins for Editor in 0.35 ms.
2022-04-28 19:09:33.861 Unity[56807:2010392] NSEventModifierFlagFunction specified to -setKeyEquivalentModifierMask: for item <NSMenuItem: 0x600003f63f00 Font Asset, ke='Command-F12'>, but is only supported for system-provided menu items; will not be used
Mono: successfully reloaded assembly
- Completed reload, in  1.654 seconds
Domain Reload Profiling:
	ReloadAssembly (1656ms)
		BeginReloadAssembly (338ms)
			ExecutionOrderSort (0ms)
			DisableScriptedObjects (20ms)
			BackupInstance (0ms)
			ReleaseScriptingObjects (0ms)
			CreateAndSetChildDomain (181ms)
		EndReloadAssembly (1246ms)
			LoadAssemblies (166ms)
			RebuildTransferFunctionScriptingTraits (0ms)
			SetupTypeCache (445ms)
			ReleaseScriptCaches (1ms)
			RebuildScriptCaches (56ms)
			SetupLoadedEditorAssemblies (453ms)
				LogAssemblyErrors (0ms)
				InitializePlatformSupportModulesInManaged (5ms)
				SetLoadedEditorAssemblies (1ms)
				RefreshPlugins (1ms)
				BeforeProcessingInitializeOnLoad (143ms)
				ProcessInitializeOnLoadAttributes (291ms)
				ProcessInitializeOnLoadMethodAttributes (11ms)
				AfterProcessingInitializeOnLoad (1ms)
				EditorAssembliesLoaded (0ms)
			ExecutionOrderSort2 (0ms)
			AwakeInstancesAfterBackupRestoration (9ms)
Platform modules already initialized, skipping
Switching build target platform(2) subTarget(0) extendedPlatform(0) -> platform(13) subTarget(537395206) extendedPlatform(0)
Refreshing native plugins compatible for Editor in 0.66 ms, found 3 plugins.
Preloading 1 native plugins for Editor in 0.34 ms.
Unloading 2271 Unused Serialized files (Serialized files now loaded: 0)
System memory in use before: 255.2 MB.
System memory in use after: 255.4 MB.

Unloading 21 unused Assets to reduce memory usage. Loaded Objects now: 2823.
Total: 3.780607 ms (FindLiveObjects: 0.215824 ms CreateObjectMapping: 0.132325 ms MarkObjects: 3.414002 ms  DeleteObjects: 0.017543 ms)

AssetImportParameters requested are different than current active one (requested -> active):
  custom:video-decoder-ogg-theora: a1e56fd34408186e4bbccfd4996cb3dc -> 
  custom:container-muxer-webm: aa71ff27fc2769a1b78a27578f13a17b -> 
  custom:container-demuxer-webm: 4f35f7cbe854078d1ac9338744f61a02 -> 
  custom:container-demuxer-ogg: 62fdf1f143b41e24485cea50d1cbac27 -> 
  custom:video-encoder-webm-vp8: eb34c28f22e8b96e1ab97ce403110664 -> 
  custom:framework-osx-AVFoundation: e770b220cccbd017edd2c1fefb359320 -> 
  custom:video-decoder-webm-vp8: 9c59270c3fd7afecdb556c50c9e8de78 -> 
  custom:graphics/normal-map-encoding: 01000000000000000000000000000000 -> 02000000000000000000000000000000
  custom:audio-decoder-ogg-vorbis: bf7c407c2cedff20999df2af8eb42d56 -> 
  custom:audio-encoder-webm-vorbis: bf7c407c2cedff20999df2af8eb42d56 -> 
========================================================================
Received Import Request.
  Time since last request: 4552.118418 seconds.
  path: Assets/chinese_amoghasiddhi_buddha_1403_-_1424_ce/textures
  artifactKey: Guid(e91ebd97f580c4686a0760a373ced400) Importer(815301076,1909f56bfc062723c751e8b465ee728b)
Start importing Assets/chinese_amoghasiddhi_buddha_1403_-_1424_ce/textures using Guid(e91ebd97f580c4686a0760a373ced400) Importer(815301076,1909f56bfc062723c751e8b465ee728b)  -> (artifact id: 'ba48750d743980b7e728cc8323afbff5') in 0.224644 seconds 
  Import took 0.452932 seconds .

========================================================================
Received Import Request.
  Time since last request: 77.731700 seconds.
  path: Assets/Nefertiti/materials
  artifactKey: Guid(abce1568f1038724994442de1a46241c) Importer(815301076,1909f56bfc062723c751e8b465ee728b)
Start importing Assets/Nefertiti/materials using Guid(abce1568f1038724994442de1a46241c) Importer(815301076,1909f56bfc062723c751e8b465ee728b)  -> (artifact id: '3c996650b6fa83adf2ce3c62ece13bdb') in 0.002811 seconds 
  Import took 0.007120 seconds .

========================================================================
Received Import Request.
  Time since last request: 0.097415 seconds.
  path: Assets/Nefertiti/materials/Nefertiti.mat
  artifactKey: Guid(06a4a1b086871294b85563b23f62f343) Importer(815301076,1909f56bfc062723c751e8b465ee728b)
Start importing Assets/Nefertiti/materials/Nefertiti.mat using Guid(06a4a1b086871294b85563b23f62f343) Importer(815301076,1909f56bfc062723c751e8b465ee728b) WARNING: RGBA Compressed ASTC6X6 UNorm format is not supported, decompressing texture
 -> (artifact id: '1383ecbb3549ae7608e34a89618d1a8f') in 1.362439 seconds 
  Import took 1.368661 seconds .

========================================================================
Received Import Request.
  Time since last request: 55.340503 seconds.
  path: Assets/Nefertiti/materials/Nefertiti.mat
  artifactKey: Guid(06a4a1b086871294b85563b23f62f343) Importer(815301076,1909f56bfc062723c751e8b465ee728b)
Start importing Assets/Nefertiti/materials/Nefertiti.mat using Guid(06a4a1b086871294b85563b23f62f343) Importer(815301076,1909f56bfc062723c751e8b465ee728b) WARNING: RGBA Compressed ASTC6X6 UNorm format is not supported, decompressing texture
 -> (artifact id: '57043d22464b5794441158b97c6c11e9') in 0.505394 seconds 
  Import took 0.514578 seconds .

